<?xml version="1.0" encoding="UTF-8"?>
<testsuite name="org.junstory.ex3.member.repository.MemberRepositoryTests" tests="1" skipped="0" failures="0" errors="0" timestamp="2024-09-19T00:38:57" hostname="Junhoui-MacBookAir.local" time="0.434">
  <properties/>
  <testcase name="testUpdate()" classname="org.junstory.ex3.member.repository.MemberRepositoryTests" time="0.434"/>
  <system-out><![CDATA[09:38:55.967 [Test worker] INFO org.springframework.test.context.support.AnnotationConfigContextLoaderUtils -- Could not detect default configuration classes for test class [org.junstory.ex3.member.repository.MemberRepositoryTests]: MemberRepositoryTests does not declare any static, non-private, non-final, nested classes annotated with @Configuration.
09:38:56.014 [Test worker] INFO org.springframework.boot.test.context.SpringBootTestContextBootstrapper -- Found @SpringBootConfiguration org.junstory.ex3.Ex3Application for test class org.junstory.ex3.member.repository.MemberRepositoryTests

  .   ____          _            __ _ _
 /\\ / ___'_ __ _ _(_)_ __  __ _ \ \ \ \
( ( )\___ | '_ | '_| | '_ \/ _` | \ \ \ \
 \\/  ___)| |_)| | | | | || (_| |  ) ) ) )
  '  |____| .__|_| |_|_| |_\__, | / / / /
 =========|_|==============|___/=/_/_/_/

 :: Spring Boot ::                (v3.3.3)

2024-09-19T09:38:56.189+09:00  INFO 93453 --- [ex3] [    Test worker] o.j.e.m.r.MemberRepositoryTests          : Starting MemberRepositoryTests using Java 21.0.4 with PID 93453 (started by junholee in /Users/junholee/Documents/study/restful/ex3)
2024-09-19T09:38:56.189+09:00  INFO 93453 --- [ex3] [    Test worker] o.j.e.m.r.MemberRepositoryTests          : No active profile set, falling back to 1 default profile: "default"
2024-09-19T09:38:56.446+09:00  INFO 93453 --- [ex3] [    Test worker] .s.d.r.c.RepositoryConfigurationDelegate : Bootstrapping Spring Data JPA repositories in DEFAULT mode.
2024-09-19T09:38:56.465+09:00  INFO 93453 --- [ex3] [    Test worker] .s.d.r.c.RepositoryConfigurationDelegate : Finished Spring Data repository scanning in 16 ms. Found 1 JPA repository interface.
2024-09-19T09:38:56.721+09:00  INFO 93453 --- [ex3] [    Test worker] o.hibernate.jpa.internal.util.LogHelper  : HHH000204: Processing PersistenceUnitInfo [name: default]
2024-09-19T09:38:56.746+09:00  INFO 93453 --- [ex3] [    Test worker] org.hibernate.Version                    : HHH000412: Hibernate ORM core version 6.5.2.Final
2024-09-19T09:38:56.759+09:00  INFO 93453 --- [ex3] [    Test worker] o.h.c.internal.RegionFactoryInitiator    : HHH000026: Second-level cache disabled
2024-09-19T09:38:56.875+09:00  INFO 93453 --- [ex3] [    Test worker] o.s.o.j.p.SpringPersistenceUnitInfo      : No LoadTimeWeaver setup: ignoring JPA class transformer
2024-09-19T09:38:56.886+09:00  INFO 93453 --- [ex3] [    Test worker] com.zaxxer.hikari.HikariDataSource       : HikariPool-1 - Starting...
2024-09-19T09:38:56.940+09:00  INFO 93453 --- [ex3] [    Test worker] com.zaxxer.hikari.pool.HikariPool        : HikariPool-1 - Added connection org.mariadb.jdbc.Connection@5fc1e4fb
2024-09-19T09:38:56.941+09:00  INFO 93453 --- [ex3] [    Test worker] com.zaxxer.hikari.HikariDataSource       : HikariPool-1 - Start completed.
2024-09-19T09:38:56.955+09:00  WARN 93453 --- [ex3] [    Test worker] org.hibernate.orm.deprecation            : HHH90000025: MariaDBDialect does not need to be specified explicitly using 'hibernate.dialect' (remove the property setting and it will be selected by default)
2024-09-19T09:38:57.359+09:00  INFO 93453 --- [ex3] [    Test worker] o.h.e.t.j.p.i.JtaPlatformInitiator       : HHH000489: No JTA platform available (set 'hibernate.transaction.jta.platform' to enable JTA platform integration)
2024-09-19T09:38:57.390+09:00  INFO 93453 --- [ex3] [    Test worker] j.LocalContainerEntityManagerFactoryBean : Initialized JPA EntityManagerFactory for persistence unit 'default'
2024-09-19T09:38:57.481+09:00  WARN 93453 --- [ex3] [    Test worker] JpaBaseConfiguration$JpaWebConfiguration : spring.jpa.open-in-view is enabled by default. Therefore, database queries may be performed during view rendering. Explicitly configure spring.jpa.open-in-view to disable this warning
2024-09-19T09:38:57.691+09:00  WARN 93453 --- [ex3] [    Test worker] .s.s.UserDetailsServiceAutoConfiguration : 

Using generated security password: 1a035fe5-caf7-4216-808d-a1edf8653a18

This generated password is for development use only. Your security configuration must be updated before running your application in production.

2024-09-19T09:38:57.693+09:00  INFO 93453 --- [ex3] [    Test worker] r$InitializeUserDetailsManagerConfigurer : Global AuthenticationManager configured with UserDetailsService bean with name inMemoryUserDetailsManager
2024-09-19T09:38:57.731+09:00 DEBUG 93453 --- [ex3] [    Test worker] o.s.s.web.DefaultSecurityFilterChain     : Will secure any request with filters: DisableEncodeUrlFilter, WebAsyncManagerIntegrationFilter, SecurityContextHolderFilter, HeaderWriterFilter, CsrfFilter, LogoutFilter, UsernamePasswordAuthenticationFilter, DefaultLoginPageGeneratingFilter, DefaultLogoutPageGeneratingFilter, BasicAuthenticationFilter, RequestCacheAwareFilter, SecurityContextHolderAwareRequestFilter, AnonymousAuthenticationFilter, ExceptionTranslationFilter, AuthorizationFilter
2024-09-19T09:38:57.757+09:00  INFO 93453 --- [ex3] [    Test worker] o.j.e.m.r.MemberRepositoryTests          : Started MemberRepositoryTests in 1.658 seconds (process running for 2.229)
Hibernate: 
    select
        me1_0.mid,
        me1_0.email,
        me1_0.join_date,
        me1_0.mname,
        me1_0.modified_date,
        me1_0.mpw,
        me1_0.role 
    from
        tbl_members me1_0 
    where
        me1_0.mid=?
Hibernate: 
    update
        tbl_members 
    set
        email=?,
        join_date=?,
        mname=?,
        modified_date=?,
        mpw=?,
        role=? 
    where
        mid=?
]]></system-out>
  <system-err><![CDATA[WARNING: A Java agent has been loaded dynamically (/Users/junholee/.gradle/caches/modules-2/files-2.1/net.bytebuddy/byte-buddy-agent/1.14.19/154da3a65b4f4a909d3e5bdec55d1b2b4cbb6ce1/byte-buddy-agent-1.14.19.jar)
WARNING: If a serviceability tool is in use, please run with -XX:+EnableDynamicAgentLoading to hide this warning
WARNING: If a serviceability tool is not in use, please run with -Djdk.instrument.traceUsage for more information
WARNING: Dynamic loading of agents will be disallowed by default in a future release
]]></system-err>
</testsuite>
