<?xml version="1.0" encoding="UTF-8"?>
<testsuite name="com.demo.ex1.sample.SampleControllerTests" tests="1" skipped="0" failures="0" errors="0" timestamp="2024-09-08T14:35:38" hostname="Junhoui-MacBookAir.local" time="0.079">
  <properties/>
  <testcase name="testHello()" classname="com.demo.ex1.sample.SampleControllerTests" time="0.079"/>
  <system-out><![CDATA[[2024-09-08 23:35:38.672]  INFO 14796 --- [    Test worker] pport.AnnotationConfigContextLoaderUtils : Could not detect default configuration classes for test class [com.demo.ex1.sample.SampleControllerTests]: SampleControllerTests does not declare any static, non-private, non-final, nested classes annotated with @Configuration.
[2024-09-08 23:35:38.675]  INFO 14796 --- [    Test worker] ontext.SpringBootTestContextBootstrapper : Found @SpringBootConfiguration com.demo.ex1.Ex1Application for test class com.demo.ex1.sample.SampleControllerTests

  .   ____          _            __ _ _
 /\\ / ___'_ __ _ _(_)_ __  __ _ \ \ \ \
( ( )\___ | '_ | '_| | '_ \/ _` | \ \ \ \
 \\/  ___)| |_)| | | | | || (_| |  ) ) ) )
  '  |____| .__|_| |_|_| |_\__, | / / / /
 =========|_|==============|___/=/_/_/_/

 :: Spring Boot ::                (v3.3.3)

[2024-09-08 23:35:38.690]  INFO 14796 --- [    Test worker] om.demo.ex1.sample.SampleControllerTests : Starting SampleControllerTests using Java 17.0.12 with PID 14796 (started by junholee in /Users/junholee/Documents/study/restful/junstory)
[2024-09-08 23:35:38.691]  INFO 14796 --- [    Test worker] om.demo.ex1.sample.SampleControllerTests : No active profile set, falling back to 1 default profile: "default"
[2024-09-08 23:35:38.797]  INFO 14796 --- [    Test worker] boot.web.embedded.tomcat.TomcatWebServer : Tomcat initialized with port 0 (http)
[2024-09-08 23:35:38.803]  INFO 14796 --- [    Test worker] g.apache.coyote.http11.Http11NioProtocol : Initializing ProtocolHandler ["http-nio-auto-1"]
[2024-09-08 23:35:38.805]  INFO 14796 --- [    Test worker] org.apache.catalina.core.StandardService : Starting service [Tomcat]
[2024-09-08 23:35:38.805]  INFO 14796 --- [    Test worker] org.apache.catalina.core.StandardEngine  : Starting Servlet engine: [Apache Tomcat/10.1.28]
[2024-09-08 23:35:38.827]  INFO 14796 --- [    Test worker] e.ContainerBase.[Tomcat].[localhost].[/] : Initializing Spring embedded WebApplicationContext
[2024-09-08 23:35:38.828]  INFO 14796 --- [    Test worker] ntext.ServletWebServerApplicationContext : Root WebApplicationContext: initialization completed in 135 ms
[2024-09-08 23:35:38.886]  INFO 14796 --- [    Test worker] g.apache.coyote.http11.Http11NioProtocol : Starting ProtocolHandler ["http-nio-auto-1"]
[2024-09-08 23:35:38.891]  INFO 14796 --- [    Test worker] boot.web.embedded.tomcat.TomcatWebServer : Tomcat started on port 63093 (http) with context path '/'
[2024-09-08 23:35:38.892]  INFO 14796 --- [    Test worker] om.demo.ex1.sample.SampleControllerTests : Started SampleControllerTests in 0.215 seconds (process running for 1.904)
[2024-09-08 23:35:38.940]  INFO 14796 --- [o-auto-1-exec-1] e.ContainerBase.[Tomcat].[localhost].[/] : Initializing Spring DispatcherServlet 'dispatcherServlet'
[2024-09-08 23:35:38.941]  INFO 14796 --- [o-auto-1-exec-1] gframework.web.servlet.DispatcherServlet : Initializing Servlet 'dispatcherServlet'
[2024-09-08 23:35:38.942]  INFO 14796 --- [o-auto-1-exec-1] gframework.web.servlet.DispatcherServlet : Completed initialization in 1 ms
[2024-09-08 23:35:38.972]  INFO 14796 --- [    Test worker] om.demo.ex1.sample.SampleControllerTests : [Hello, World]
[2024-09-08 23:35:38.972]  INFO 14796 --- [    Test worker] om.demo.ex1.sample.SampleControllerTests : 123
]]></system-out>
  <system-err><![CDATA[]]></system-err>
</testsuite>
